TN:
SF:src/lib/beat.js
FN:11,computeRecentSuccessRate
FN:34,applyBeatResult
FNF:2
FNH:2
FNDA:24,computeRecentSuccessRate
FNDA:16,applyBeatResult
DA:1,2
DA:2,2
DA:3,2
DA:12,24
DA:13,12
DA:35,16
DA:36,16
DA:38,16
DA:39,16
DA:40,16
DA:42,16
DA:43,12
DA:44,12
DA:45,12
DA:46,12
DA:48,12
DA:49,12
DA:54,4
DA:56,4
DA:57,2
DA:58,2
DA:64,16
LF:22
LH:22
BRDA:12,0,0,12
BRDA:12,0,1,12
BRDA:12,1,0,24
BRDA:12,1,1,23
BRDA:38,2,0,16
BRDA:38,2,1,0
BRDA:40,3,0,16
BRDA:40,3,1,12
BRDA:42,4,0,12
BRDA:42,4,1,4
BRDA:43,5,0,12
BRDA:43,5,1,8
BRDA:44,6,0,12
BRDA:44,6,1,5
BRDA:45,7,0,12
BRDA:45,7,1,6
BRDA:46,8,0,12
BRDA:46,8,1,8
BRDA:56,9,0,2
BRDA:56,9,1,2
BRDA:56,10,0,4
BRDA:56,10,1,3
BRF:22
BRH:21
end_of_record
TN:
SF:src/lib/format.js
FN:8,formatDuration
FN:26,formatDateTime
FN:38,relativeAgo
FNF:3
FNH:3
FNDA:132,formatDuration
FNDA:41,formatDateTime
FNDA:10,relativeAgo
DA:9,132
DA:10,132
DA:11,132
DA:12,132
DA:13,61
DA:14,61
DA:15,61
DA:17,71
DA:18,28
DA:27,41
DA:39,10
DA:40,10
DA:41,6
DA:42,2
LF:14
LH:14
BRDA:12,0,0,61
BRDA:12,0,1,71
BRDA:15,1,0,15
BRDA:15,1,1,46
BRDA:17,2,0,43
BRDA:17,2,1,28
BRDA:17,3,0,36
BRDA:17,3,1,7
BRDA:40,4,0,4
BRDA:40,4,1,6
BRDA:41,5,0,4
BRDA:41,5,1,2
BRF:12
BRH:12
end_of_record
TN:
SF:src/lib/patterns.js
FN:13,computeIntervals
FN:14,(anonymous_1)
FN:31,computeAvgInterval
FN:34,(anonymous_3)
FN:44,computeUsesPerDay7d
FN:46,(anonymous_5)
FN:56,computeTrend
FN:60,(anonymous_7)
FN:61,(anonymous_8)
FNF:9
FNH:9
FNDA:9,computeIntervals
FNDA:15,(anonymous_1)
FNDA:5,computeAvgInterval
FNDA:29,(anonymous_3)
FNDA:6,computeUsesPerDay7d
FNDA:17,(anonymous_5)
FNDA:7,computeTrend
FNDA:21,(anonymous_7)
FNDA:21,(anonymous_8)
DA:1,2
DA:2,2
DA:3,2
DA:14,15
DA:15,9
DA:16,9
DA:17,12
DA:18,12
DA:19,12
DA:21,9
DA:32,5
DA:33,5
DA:34,29
DA:45,6
DA:46,17
DA:57,7
DA:58,7
DA:59,7
DA:60,21
DA:61,21
DA:62,3
DA:63,2
DA:64,1
LF:23
LH:23
BRDA:17,0,0,12
BRDA:17,0,1,11
BRDA:19,1,0,11
BRDA:19,1,1,1
BRDA:33,2,0,1
BRDA:33,2,1,4
BRDA:59,3,0,4
BRDA:59,3,1,3
BRDA:59,4,0,7
BRDA:59,4,1,4
BRDA:62,5,0,1
BRDA:62,5,1,2
BRDA:63,6,0,1
BRDA:63,6,1,1
BRF:14
BRH:14
end_of_record
TN:
SF:src/lib/pharmacokinetics.js
FN:10,calcHalfLife
FN:33,nicotineFromEntry
FN:53,computeTimeUntilCleanMs
FN:54,(anonymous_3)
FN:61,(anonymous_4)
FNF:5
FNH:5
FNDA:58,calcHalfLife
FNDA:7853,nicotineFromEntry
FNDA:20,computeTimeUntilCleanMs
FNDA:29,(anonymous_3)
FNDA:7776,(anonymous_4)
DA:1,2
DA:2,2
DA:11,58
DA:12,58
DA:13,58
DA:14,58
DA:15,58
DA:16,58
DA:17,58
DA:18,58
DA:34,7853
DA:35,7853
DA:36,7834
DA:37,7853
DA:38,7853
DA:39,1458
DA:40,7853
DA:41,1386
DA:54,29
DA:55,20
DA:57,17
DA:58,17
DA:59,17
DA:60,4896
DA:61,7776
DA:62,827
DA:66,4896
LF:27
LH:27
BRDA:12,0,0,8
BRDA:12,0,1,50
BRDA:13,1,0,3
BRDA:13,1,1,55
BRDA:14,2,0,1
BRDA:14,2,1,57
BRDA:14,3,0,58
BRDA:14,3,1,8
BRDA:14,3,2,2
BRDA:15,4,0,2
BRDA:15,4,1,56
BRDA:16,5,0,2
BRDA:16,5,1,56
BRDA:17,6,0,3
BRDA:17,6,1,55
BRDA:35,7,0,19
BRDA:35,7,1,7834
BRDA:36,8,0,7834
BRDA:36,8,1,1
BRDA:38,9,0,6376
BRDA:38,9,1,1477
BRDA:39,10,0,1458
BRDA:39,10,1,1
BRDA:40,11,0,72
BRDA:40,11,1,7781
BRDA:55,12,0,3
BRDA:55,12,1,17
BRDA:61,13,0,827
BRDA:61,13,1,4069
BRF:29
BRH:29
end_of_record
TN:
SF:src/lib/session.js
FN:10,computeSessionProgress
FN:23,computeSessionRemainingMs
FN:38,computeSessionEstimatedDose
FN:56,computeStopSessionDose
FNF:4
FNH:4
FNDA:209,computeSessionProgress
FNDA:29,computeSessionRemainingMs
FNDA:31,computeSessionEstimatedDose
FNDA:13,computeStopSessionDose
DA:11,209
DA:12,206
DA:24,29
DA:25,27
DA:26,27
DA:39,31
DA:40,29
DA:41,29
DA:42,31
DA:43,31
DA:57,13
DA:58,13
DA:59,13
DA:60,13
DA:61,13
DA:62,13
LF:16
LH:16
BRDA:11,0,0,3
BRDA:11,0,1,206
BRDA:11,1,0,209
BRDA:11,1,1,208
BRDA:11,1,2,207
BRDA:24,2,0,2
BRDA:24,2,1,27
BRDA:24,3,0,29
BRDA:24,3,1,28
BRDA:24,3,2,28
BRDA:39,4,0,2
BRDA:39,4,1,29
BRDA:39,5,0,31
BRDA:39,5,1,30
BRDA:41,6,0,29
BRDA:41,6,1,0
BRDA:43,7,0,31
BRDA:43,7,1,26
BRDA:56,8,0,13
BRDA:58,9,0,13
BRDA:58,9,1,1
BRDA:60,10,0,13
BRDA:60,10,1,11
BRDA:61,11,0,3
BRDA:61,11,1,10
BRF:25
BRH:24
end_of_record
